Arguments: 
  C:\Program Files\nodejs\node.exe C:\Users\camil\Desktop\just-a-chat\node_modules\yarn\bin\yarn.js prettier

PATH: 
  C:\Users\camil\Desktop\just-a-chat\node_modules\.bin;C:\Python38\Scripts\;C:\Python38\;C:\Program Files (x86)\Common Files\Intel\Shared Libraries\redist\intel64\compiler;C:\Python27\;C:\Python27\Scripts;C:\Windows\system32;C:\Windows;C:\Windows\System32\Wbem;C:\Windows\System32\WindowsPowerShell\v1.0\;C:\Windows\System32\OpenSSH\;C:\ProgramData\chocolatey\bin;C:\Program Files\NVIDIA Corporation\NVIDIA NvDLISR;C:\Program Files (x86)\NVIDIA Corporation\PhysX\Common;G:\Systeme\Logiciels\Actiona;G:\Systeme\Logiciels\laragon\bin\php\php-7.2.19-Win32-VC15-x64;C:\ProgramData\ComposerSetup\bin;C:\Program Files\Git\cmd;C:\Program Files\Git\mingw64\bin;C:\Program Files\Git\usr\bin;C:\Program Files\nodejs\;C:\Users\camil\.cargo\bin;C:\Ruby26-x64\bin;C:\Users\camil\AppData\Local\Microsoft\WindowsApps;G:\Systeme\Logiciels\PhpStorm 2019.2.3\bin;C:\Users\camil\AppData\Local\Programs\Microsoft VS Code\bin;C:\Users\camil\AppData\Roaming\Composer\vendor\bin;C:\Users\camil\AppData\Local\atom\bin;C:\Users\camil\.deno\bin;C:\Users\camil\AppData\Roaming\npm

Yarn version: 
  1.22.10

Node version: 
  14.3.0

Platform: 
  win32 x64

Trace: 
  SyntaxError: C:\Users\camil\Desktop\just-a-chat\package.json: Unexpected token } in JSON at position 1174
      at JSON.parse (<anonymous>)
      at C:\Users\camil\Desktop\just-a-chat\node_modules\yarn\lib\cli.js:1625:59
      at Generator.next (<anonymous>)
      at step (C:\Users\camil\Desktop\just-a-chat\node_modules\yarn\lib\cli.js:310:30)
      at C:\Users\camil\Desktop\just-a-chat\node_modules\yarn\lib\cli.js:321:13

npm manifest: 
  {
    "name": "just-a-chat",
    "main": "dist/server",
    "scripts": {
      "prettier": "prettier --write src sass public/scripts gulpfile.js",
      "start": "gulp start",
      "watch": "gulp watch",
      "build": "gulp build",
      "build.ts": "gulp tsc",
      "build.tsc": "gulp tsc",
      "build.css": "gulp sass",
      "build.sass": "gulp sass",
      "deploy": "git pull && npm i && gulp build && pm2 restart forum && pm2 save"
    },
    "prettier": {
      "semi": false
    },
    "author": "ghom",
    "license": "ISC",
    "devDependencies": {
      "@types/express": "^4.17.8",
      "@types/express-session": "^1.17.0",
      "@types/faker": "^5.1.2",
      "@types/gulp": "^4.0.7",
      "@types/highlightjs": "^9.12.0",
      "@types/markdown-it": "^10.0.2",
      "@types/mysql": "^2.15.15",
      "@types/node": "^14.11.2",
      "@types/string-similarity": "^3.0.0",
      "@types/uuid": "^8.3.0",
      "gulp": "^4.0.2",
      "gulp-clean": "^0.4.0",
      "gulp-cli": "^2.3.0",
      "gulp-sass": "^4.1.0",
      "gulp-sourcemaps": "^2.6.5",
      "gulp-typescript": "^6.0.0-alpha.1",
      "node-sass": "^4.14.1",
      "nodemon": "^2.0.4",
      "pm2": "^4.5.0",
      "prettier": "^2.1.2",
      "typescript": "^4.0.3",
    },
    "dependencies": {
      "argon2": "^0.27.0",
      "body-parser": "^1.19.0",
      "dayjs": "^1.9.1",
      "dotenv": "^8.2.0",
      "ejs": "^3.1.5",
      "express": "^4.17.1",
      "express-session": "^1.17.1",
      "faker": "^5.1.0",
      "highlightjs": "^9.16.2",
      "markdown-it": "^12.0.0",
      "mysql": "^2.18.1",
      "passport-discord": "^0.1.4",
      "string-similarity": "^4.0.2",
      "uuid": "^8.3.0"
    }
  }

yarn manifest: 
  No manifest

Lockfile: 
  No lockfile
